<?xml version="1.0" encoding="UTF-8"?>
<!-- Generated by org.testng.reporters.JUnitReportReporter -->
<testsuite skipped="0" hostname="DESKTOP-S0R71GG" name="Sample.Stcm.SoftAssertion" tests="2" failures="0" timestamp="2022-07-31T11:03:58 IST" time="0.022" errors="0">
  <testcase name="stuDet" time="0.012" classname="Sample.Stcm.SoftAssertion"/>
  <system-out/>
  <testcase name="stuName" time="0.010" classname="Sample.Stcm.SoftAssertion"/>
  <system-out/>
</testsuite> <!-- Sample.Stcm.SoftAssertion -->
