<?xml version="1.0" encoding="UTF-8"?>
<!-- Generated by org.testng.reporters.JUnitReportReporter -->
<testsuite skipped="0" hostname="DESKTOP-S0R71GG" name="Sample.Stcm.Login" tests="1" failures="0" timestamp="2022-08-01T16:33:15 IST" time="25.397" errors="0">
  <testcase name="loginf" time="25.397" classname="Sample.Stcm.Login"/>
  <system-out/>
</testsuite> <!-- Sample.Stcm.Login -->
