<?xml version="1.0" encoding="UTF-8"?>
<!-- Generated by org.testng.reporters.JUnitReportReporter -->
<testsuite skipped="0" hostname="DESKTOP-S0R71GG" name="Sample.Stcm.Annotations" tests="2" failures="0" timestamp="2022-07-30T21:57:23 IST" time="43.494" errors="0">
  <testcase name="Amazon" time="12.082" classname="Sample.Stcm.Annotations"/>
  <system-out/>
  <testcase name="Facebook" time="31.412" classname="Sample.Stcm.Annotations"/>
  <system-out/>
</testsuite> <!-- Sample.Stcm.Annotations -->
